2023-08-05T15:10:19.100Z [a8ebf68a-e604-4160-b29e-990078000336] debug: Server Starting on port 3000
2023-08-05T15:12:28.963Z [d8ab0c11-c7c1-4365-8b12-5966768e8647] debug: Server Starting on port 3000
2023-08-05T16:48:13.512Z [1e95bf7f-6feb-45c8-98ee-334b0b1f405a] info: GET - /employees
2023-08-05T16:48:13.517Z [1e95bf7f-6feb-45c8-98ee-334b0b1f405a] info: web@admin.com Logged In
2023-08-05T16:48:18.294Z [0c22791e-9f49-4a5f-8a74-899b098ff988] info: GET - /employees/21
2023-08-05T16:48:18.297Z [0c22791e-9f49-4a5f-8a74-899b098ff988] info: web@admin.com Logged In
2023-08-05T16:48:22.149Z [a71d4138-57b8-4c39-85b4-fb0187b4857c] info: GET - /employees/212
2023-08-05T16:48:22.151Z [a71d4138-57b8-4c39-85b4-fb0187b4857c] info: web@admin.com Logged In
2023-08-05T16:48:22.160Z [a71d4138-57b8-4c39-85b4-fb0187b4857c] info: Employee with id 212 not found
2023-08-05T16:48:26.248Z [d92002f6-66e8-44a1-b619-4fabd26f192b] info: GET - /employees/svadva
2023-08-05T16:48:26.250Z [d92002f6-66e8-44a1-b619-4fabd26f192b] info: web@admin.com Logged In
2023-08-05T16:48:26.255Z [d92002f6-66e8-44a1-b619-4fabd26f192b] error: invalid input syntax for type integer: "NaN"
2023-08-05T16:48:31.886Z [4930ed46-e4d2-441d-bfd7-20dee86e3c38] info: GET - /employees/21
2023-08-05T16:48:31.887Z [4930ed46-e4d2-441d-bfd7-20dee86e3c38] info: web@admin.com Logged In
2023-08-06T12:52:05.346Z [] info: GET - /roles
2023-08-06T13:19:30.905Z [] info: POST - /employees
2023-08-06T13:19:30.911Z [] info: web@admin.com Logged In
2023-08-06T13:19:31.013Z [] info: Employee Created (1e5ff8f8-8d7f-4c31-b724-bbc0ed904d62)
2023-08-06T14:38:06.546Z [] info: POST - /api/employees
2023-08-06T14:38:06.549Z [] info: web@admin.com Logged In
2023-08-06T14:38:06.633Z [] info: Employee Created (ce0bba33-e39f-4df8-85a4-4bbdd54d8a84)
2023-08-06T14:41:51.473Z [] info: POST - /employees
2023-08-06T14:41:59.064Z [] info: POST - /employees
2023-08-06T14:42:09.992Z [] info: POST - /api/employees
2023-08-06T14:42:09.996Z [] info: web@admin.com Logged In
2023-08-06T14:42:27.840Z [] info: POST - /api/employees
2023-08-06T14:42:27.841Z [] info: web@admin.com Logged In
2023-08-06T14:42:27.920Z [] info: Employee Created (ef80cac3-b438-48ce-9cec-eac6644b0b89)
2023-08-06T14:44:10.848Z [] info: POST - /api/employees
2023-08-06T14:44:10.850Z [] info: web@admin.com Logged In
2023-08-06T14:44:10.915Z [] info: Employee Created (af65df0b-6268-4ec9-b05e-c61c33fcff11)
2023-08-06T14:44:20.357Z [] info: POST - /api/employees
2023-08-06T14:44:20.358Z [] info: web@admin.com Logged In
2023-08-06T14:44:20.420Z [] info: Employee Created (1c69a224-0dc3-4bff-9d51-dad3a683d07a)
2023-08-06T16:03:08.023Z [] info: POST - /api/employees
2023-08-06T16:03:08.024Z [] info: web@admin.com Logged In
2023-08-06T16:03:08.087Z [] info: Employee Created (8dd5cc01-e9a1-433f-b526-4a90a566fdb3)
2023-08-06T16:05:00.612Z [] info: POST - /employees/login
2023-08-06T16:05:08.366Z [] info: POST - /api/employees/login
2023-08-06T16:05:26.227Z [] info: GET - /employees
2023-08-06T16:05:31.789Z [] info: GET - /api/employees
2023-08-06T16:05:31.790Z [] info: jane.smith@example.com Logged In
2023-08-06T16:09:55.621Z [] info: GET - /api/employees
2023-08-06T16:09:55.625Z [] info: jane.smith@example.com Logged In
2023-08-06T16:12:59.283Z [] info: GET - /api/employees
2023-08-06T16:12:59.287Z [] info: jane.smith@example.com Logged In
2023-08-06T16:13:00.002Z [] info: GET - /api/employees
2023-08-06T16:13:00.004Z [] info: jane.smith@example.com Logged In
2023-08-06T16:13:00.876Z [] info: GET - /api/employees
2023-08-06T16:13:00.877Z [] info: jane.smith@example.com Logged In
2023-08-06T16:13:02.312Z [] info: GET - /api/employees
2023-08-06T16:13:02.313Z [] info: jane.smith@example.com Logged In
2023-08-06T16:13:03.068Z [] info: GET - /api/employees
2023-08-06T16:13:03.069Z [] info: jane.smith@example.com Logged In
2023-08-06T16:13:03.773Z [] info: GET - /api/employees
2023-08-06T16:13:03.775Z [] info: jane.smith@example.com Logged In
2023-08-06T16:13:45.596Z [] info: GET - /api/employees
2023-08-06T16:13:45.600Z [] info: jane.smith@example.com Logged In
2023-08-06T16:13:46.756Z [] info: GET - /api/employees
2023-08-06T16:13:46.757Z [] info: jane.smith@example.com Logged In
2023-08-06T16:16:20.626Z [] info: GET - /api/employees
2023-08-06T16:16:20.629Z [] info: jane.smith@example.com Logged In
2023-08-06T16:17:08.659Z [] info: GET - /api/employees
2023-08-06T16:17:08.660Z [] info: jane.smith@example.com Logged In
2023-08-06T16:19:10.435Z [] info: GET - /api/employees
2023-08-06T16:19:10.439Z [] info: jane.smith@example.com Logged In
2023-08-06T17:18:55.415Z [] info: GET - /api/employees
2023-08-06T17:18:55.419Z [] info: jane.smith@example.com Logged In
2023-08-06T18:22:12.509Z [] info: GET - /api/employees/ef80cac3-b438-48ce-9cec-eac6644b0b89
2023-08-06T18:22:12.512Z [] info: jane.smith@example.com Logged In
2023-08-06T18:24:59.789Z [] info: PUT - /employees/8dd5cc01-e9a1-433f-b526-4a90a566fdb3
2023-08-06T18:25:07.043Z [] info: PUT - /api/employees/8dd5cc01-e9a1-433f-b526-4a90a566fdb3
2023-08-06T18:25:07.046Z [] info: jane.smith@example.com Logged In
2023-08-06T18:25:07.078Z [] info: Employee already exist
2023-08-06T18:26:25.641Z [] info: PUT - /api/employees/8dd5cc01-e9a1-433f-b526-4a90a566fdb3
2023-08-06T18:26:25.647Z [] info: jane.smith@example.com Logged In
2023-08-06T18:26:32.509Z [] info: PUT - /api/employees/8dd5cc01-e9a1-433f-b526-4a90a566fdb3
2023-08-06T18:26:32.511Z [] info: jane.smith@example.com Logged In
2023-08-06T18:27:06.852Z [] info: PATCH - /api/employees/8dd5cc01-e9a1-433f-b526-4a90a566fdb3
2023-08-06T18:27:06.854Z [] info: jane.smith@example.com Logged In
2023-08-06T18:27:26.951Z [] info: DELETE - /api/employees/8dd5cc01-e9a1-433f-b526-4a90a566fdb3
2023-08-06T18:27:26.956Z [] info: jwt must be provided
2023-08-06T18:27:45.309Z [] info: DELETE - /api/employees/8dd5cc01-e9a1-433f-b526-4a90a566fdb3
2023-08-06T18:27:45.310Z [] info: jane.smith@example.com Logged In
2023-08-06T18:27:45.334Z [] info: Employee Deleted (8dd5cc01-e9a1-433f-b526-4a90a566fdb3)
2023-08-06T18:27:57.281Z [] info: GET - /api/employees
2023-08-06T18:27:57.282Z [] info: jane.smith@example.com Logged In
2023-08-06T18:28:21.310Z [] info: POST - /api/departments
2023-08-06T18:28:21.312Z [] info: jane.smith@example.com Logged In
2023-08-06T18:28:21.330Z [] info: Department Created (14)
2023-08-06T18:28:25.318Z [] info: GET - /departments
2023-08-06T18:28:31.462Z [] info: GET - /api/departments
2023-08-06T18:28:49.103Z [] info: GET - /departments/10
2023-08-06T18:28:54.322Z [] info: GET - /api/departments/10
2023-08-06T18:29:03.534Z [] info: GET - /api/departments/7
2023-08-06T18:29:08.559Z [] info: GET - /api/departments/6
2023-08-06T18:29:14.476Z [] info: GET - /api/departments/8
2023-08-06T18:30:23.265Z [] info: POST - /api/employees
2023-08-06T18:30:23.266Z [] info: jane.smith@example.com Logged In
2023-08-06T18:30:23.347Z [] error: duplicate key value violates unique constraint "IDX_817d1d427138772d47eca04885"
2023-08-06T18:36:25.232Z [] info: GET - /api/employees
2023-08-06T18:36:25.236Z [] info: jane.smith@example.com Logged In
2023-08-06T18:36:26.095Z [] info: GET - /api/employees
2023-08-06T18:36:26.097Z [] info: jane.smith@example.com Logged In
2023-08-06T18:36:26.789Z [] info: GET - /api/employees
2023-08-06T18:36:26.791Z [] info: jane.smith@example.com Logged In
2023-08-06T18:37:46.460Z [] info: GET - /api/employees
2023-08-06T18:37:46.463Z [] info: jane.smith@example.com Logged In
2023-08-06T18:37:54.807Z [] info: POST - /api/employees
2023-08-06T18:37:54.808Z [] info: jane.smith@example.com Logged In
2023-08-06T18:37:54.880Z [] info: Department with id 7 not found
2023-08-06T18:38:01.316Z [] info: POST - /api/employees
2023-08-06T18:38:01.317Z [] info: jane.smith@example.com Logged In
2023-08-06T18:38:01.379Z [] info: Department with id 6 not found
2023-08-06T18:38:15.242Z [] info: POST - /api/departments
2023-08-06T18:38:15.243Z [] info: jane.smith@example.com Logged In
2023-08-06T18:38:15.265Z [] info: Department Created (1)
2023-08-06T18:38:26.362Z [] info: POST - /api/departments
2023-08-06T18:38:26.364Z [] info: jane.smith@example.com Logged In
2023-08-06T18:38:26.382Z [] info: Department Created (2)
2023-08-06T18:38:33.421Z [] info: POST - /api/departments
2023-08-06T18:38:33.422Z [] info: jane.smith@example.com Logged In
2023-08-06T18:38:33.427Z [] info: Department Created (3)
2023-08-06T18:38:45.348Z [] info: POST - /api/departments
2023-08-06T18:38:45.350Z [] info: jane.smith@example.com Logged In
2023-08-06T18:38:45.360Z [] info: Department Created (4)
2023-08-06T18:38:50.268Z [] info: GET - /api/departments
2023-08-06T18:39:04.046Z [] info: POST - /api/departments
2023-08-06T18:39:04.047Z [] info: jane.smith@example.com Logged In
2023-08-06T18:39:04.062Z [] info: Department Created (5)
2023-08-06T18:39:07.758Z [] info: GET - /api/departments
2023-08-06T18:39:15.156Z [] info: GET - /api/departments/1
2023-08-06T18:41:25.391Z [] info: POST - /api/employees
2023-08-06T18:41:25.392Z [] info: jane.smith@example.com Logged In
2023-08-06T18:41:25.458Z [] info: Department with id 6 not found
2023-08-06T18:41:30.880Z [] info: POST - /api/employees
2023-08-06T18:41:30.882Z [] info: jane.smith@example.com Logged In
2023-08-06T18:41:30.950Z [] info: Employee Created (4f58e1f7-ff4f-44e1-a538-fb5dc1a4c60e)
2023-08-06T18:42:51.489Z [] info: GET - /api/departments
2023-08-06T18:43:17.360Z [] info: POST - /api/employees
2023-08-06T18:43:17.361Z [] info: jane.smith@example.com Logged In
2023-08-06T18:43:17.451Z [] info: Employee Created (8f257891-076d-413e-9c68-da6e7c0f394b)
2023-08-06T18:43:28.974Z [] info: POST - /api/employees
2023-08-06T18:43:28.975Z [] info: jane.smith@example.com Logged In
2023-08-06T18:43:29.057Z [] info: Employee Created (ee81eb3d-9d84-479e-9029-dbcb1b319a17)
2023-08-06T18:43:41.893Z [] info: POST - /api/employees
2023-08-06T18:43:41.895Z [] info: jane.smith@example.com Logged In
2023-08-06T18:43:41.979Z [] info: Employee Created (1c0f7131-ecf1-41dd-b141-caa6f4295676)
2023-08-06T18:43:52.640Z [] info: POST - /api/employees
2023-08-06T18:43:52.642Z [] info: jane.smith@example.com Logged In
2023-08-06T18:43:52.726Z [] info: Employee Created (52e45411-ea28-4e45-a1ce-40d8aec8b85f)
2023-08-06T18:44:18.271Z [] info: POST - /api/employees/login
2023-08-06T18:44:51.144Z [] info: GET - /api/employees
2023-08-06T18:44:51.145Z [] info: emily.williams@example.com Logged In
2023-08-06T18:45:05.502Z [] info: GET - /api/employees/8f257891-076d-413e-9c68-da6e7c0f394b
2023-08-06T18:45:05.503Z [] info: emily.williams@example.com Logged In
2023-08-06T18:45:38.504Z [] info: PUT - /api/employees/8f257891-076d-413e-9c68-da6e7c0f394b
2023-08-06T18:45:38.505Z [] info: emily.williams@example.com Logged In
2023-08-06T18:45:52.496Z [] info: PUT - /api/employees/8f257891-076d-413e-9c68-da6e7c0f394b
2023-08-06T18:45:52.498Z [] info: emily.williams@example.com Logged In
2023-08-06T18:46:32.552Z [] info: PATCH - /api/employees/8f257891-076d-413e-9c68-da6e7c0f394b
2023-08-06T18:46:32.553Z [] info: emily.williams@example.com Logged In
2023-08-06T18:46:49.234Z [] info: PATCH - /api/employees/8f257891-076d-413e-9c68-da6e7c0f394b
2023-08-06T18:46:49.235Z [] info: emily.williams@example.com Logged In
2023-08-06T18:46:58.101Z [] info: GET - /api/departments
2023-08-06T18:47:03.067Z [] info: GET - /api/departments/1
2023-08-06T18:47:34.378Z [] info: PUT - /api/departments/1
2023-08-06T18:47:34.379Z [] info: jwt must be provided
2023-08-06T18:47:40.203Z [] info: PUT - /api/departments/1
2023-08-06T18:47:40.204Z [] info: emily.williams@example.com Logged In
2023-08-06T18:47:45.696Z [] info: PUT - /api/departments/1
2023-08-06T18:47:45.698Z [] info: emily.williams@example.com Logged In
2023-08-06T18:49:15.599Z [] info: GET - /roles
2023-08-06T18:49:20.739Z [] info: GET - /api/roles
2023-08-06T18:49:55.500Z [] info: DELETE - /api/departments/1
2023-08-06T18:49:55.501Z [] info: jwt must be provided
2023-08-06T18:53:11.920Z [] info: GET - /api/employees/8f257891-076d-413e-9c68-da6e7c0f394b
2023-08-06T18:53:11.925Z [] info: emily.williams@example.com Logged In
2023-08-06T18:54:04.311Z [] info: GET - /api/employees/8f257891-076d-413e-9c68-da6e7c0f394b
2023-08-06T18:54:04.316Z [] info: emily.williams@example.com Logged In
2023-08-06T18:56:40.753Z [] info: GET - /api/employees/8f257891-076d-413e-9c68-da6e7c0f394b
2023-08-06T18:56:40.758Z [] info: emily.williams@example.com Logged In
2023-08-06T18:57:38.234Z [] info: GET - /api/employees/8f257891-076d-413e-9c68-da6e7c0f394b
2023-08-06T18:57:38.238Z [] info: emily.williams@example.com Logged In
2023-08-06T18:59:04.964Z [undefined] info: GET - /api/employees/8f257891-076d-413e-9c68-da6e7c0f394b
2023-08-06T18:59:04.968Z [undefined] info: emily.williams@example.com Logged In
2023-08-06T18:59:35.629Z [9ce37370-55f5-4493-bc2a-3edcf6080ad0] info: GET - /api/employees/8f257891-076d-413e-9c68-da6e7c0f394b
2023-08-06T18:59:35.635Z [9ce37370-55f5-4493-bc2a-3edcf6080ad0] info: emily.williams@example.com Logged In
2023-08-07T04:48:40.188Z [4143afa4-20e7-450f-a0b6-575ce8dfecdf] info: GET - /api/employees
2023-08-07T04:48:40.199Z [4143afa4-20e7-450f-a0b6-575ce8dfecdf] info: emily.williams@example.com Logged In
2023-08-07T04:48:59.685Z [4cc9ea6a-1671-44be-8bbd-986c21853ea9] info: GET - /api/employees?status=true
2023-08-07T04:48:59.686Z [4cc9ea6a-1671-44be-8bbd-986c21853ea9] info: emily.williams@example.com Logged In
2023-08-07T04:49:41.834Z [958cc433-e07c-4101-b0a2-5063fbfda49d] info: GET - /api/employees?status=true
2023-08-07T04:49:41.837Z [958cc433-e07c-4101-b0a2-5063fbfda49d] info: emily.williams@example.com Logged In
2023-08-07T04:49:47.754Z [d83fc451-c2be-495e-8414-07d594758830] info: GET - /api/employees?status=false
2023-08-07T04:49:47.756Z [d83fc451-c2be-495e-8414-07d594758830] info: emily.williams@example.com Logged In
2023-08-07T04:49:48.891Z [79a60c17-f629-4e96-af45-a892b3675e1e] info: GET - /api/employees?status=false
2023-08-07T04:49:48.892Z [79a60c17-f629-4e96-af45-a892b3675e1e] info: emily.williams@example.com Logged In
2023-08-07T04:49:51.521Z [99b294ba-eba3-4325-a736-cd82c93b9089] info: GET - /api/employees?status=false
2023-08-07T04:49:51.522Z [99b294ba-eba3-4325-a736-cd82c93b9089] info: emily.williams@example.com Logged In
2023-08-07T04:50:33.441Z [d9d95587-59d7-4b24-b117-d4230f86f079] info: GET - /api/employees
2023-08-07T04:50:33.443Z [d9d95587-59d7-4b24-b117-d4230f86f079] info: emily.williams@example.com Logged In
2023-08-07T04:50:34.370Z [ff7f557a-c4d1-424e-b3ee-ea8aabbbb7cb] info: GET - /api/employees
2023-08-07T04:50:34.372Z [ff7f557a-c4d1-424e-b3ee-ea8aabbbb7cb] info: emily.williams@example.com Logged In
2023-08-07T04:50:35.659Z [584f8e90-8904-4f26-af90-f0ee9b3baeb2] info: GET - /api/employees
2023-08-07T04:50:35.660Z [584f8e90-8904-4f26-af90-f0ee9b3baeb2] info: emily.williams@example.com Logged In
2023-08-07T05:27:01.297Z [3a3d51fb-35c3-4d93-8535-fba9c5b31d28] info: GET - /api/employees
2023-08-07T05:27:01.301Z [3a3d51fb-35c3-4d93-8535-fba9c5b31d28] info: emily.williams@example.com Logged In
2023-08-07T05:27:21.508Z [aa2aa910-631e-47f2-bb46-3afa43b4df31] info: GET - /api/employees
2023-08-07T05:27:21.512Z [aa2aa910-631e-47f2-bb46-3afa43b4df31] info: emily.williams@example.com Logged In
2023-08-07T05:27:38.232Z [e6c8b7df-03a3-4008-abcf-2107c4435c12] info: GET - /api/employees?pageSize=2&page=1
2023-08-07T05:27:38.234Z [e6c8b7df-03a3-4008-abcf-2107c4435c12] info: emily.williams@example.com Logged In
2023-08-07T05:27:47.232Z [f16a6cce-1aa0-4b35-9224-d27bcd3fcdfa] info: GET - /api/employees?pageSize=2&page=2
2023-08-07T05:27:47.233Z [f16a6cce-1aa0-4b35-9224-d27bcd3fcdfa] info: emily.williams@example.com Logged In
2023-08-07T05:30:54.318Z [9c097daa-84c5-4b55-b6db-15a2601ffa7d] info: GET - /api/employees
2023-08-07T05:30:54.323Z [9c097daa-84c5-4b55-b6db-15a2601ffa7d] info: emily.williams@example.com Logged In
2023-08-07T05:31:30.474Z [d0a6bfba-5f95-4f09-9730-0f9e6e347fd4] info: GET - /api/employees
2023-08-07T05:31:30.478Z [d0a6bfba-5f95-4f09-9730-0f9e6e347fd4] info: emily.williams@example.com Logged In
2023-08-07T05:31:30.940Z [513550ff-2518-4fd4-a642-0b0b8598d925] info: GET - /api/employees
2023-08-07T05:31:30.941Z [513550ff-2518-4fd4-a642-0b0b8598d925] info: emily.williams@example.com Logged In
2023-08-07T05:32:16.273Z [e5e2624f-9660-4995-ae0d-f48da188a187] info: GET - /api/employees
2023-08-07T05:32:16.277Z [e5e2624f-9660-4995-ae0d-f48da188a187] info: emily.williams@example.com Logged In
2023-08-07T05:34:07.347Z [9fcd03f8-66fa-4842-8aa1-d4cffa7e0dff] info: GET - /api/employees
2023-08-07T05:34:07.349Z [9fcd03f8-66fa-4842-8aa1-d4cffa7e0dff] info: emily.williams@example.com Logged In
2023-08-07T05:34:26.796Z [871957e9-30a3-4cbc-996f-ec685f14f55e] info: GET - /api/employees?pageSize=2&page=1
2023-08-07T05:34:26.798Z [871957e9-30a3-4cbc-996f-ec685f14f55e] info: emily.williams@example.com Logged In
2023-08-07T05:37:59.574Z [281af8b4-3052-4a4c-a478-520f3edd9a79] info: GET - /api/employees?pageSize=2&page=1
2023-08-07T05:37:59.580Z [281af8b4-3052-4a4c-a478-520f3edd9a79] info: emily.williams@example.com Logged In
2023-08-07T05:44:30.141Z [b90a805c-231c-4b79-9c7a-e2f1b690f7ae] info: GET - /api/employees?pageSize=2&page=1
2023-08-07T05:44:30.145Z [b90a805c-231c-4b79-9c7a-e2f1b690f7ae] info: emily.williams@example.com Logged In
2023-08-07T05:44:30.606Z [c8dadc55-a334-42d7-88a3-0d4fc6fda4d5] info: GET - /api/employees?pageSize=2&page=1
2023-08-07T05:44:30.608Z [c8dadc55-a334-42d7-88a3-0d4fc6fda4d5] info: emily.williams@example.com Logged In
2023-08-07T05:46:43.080Z [a8f97193-8f88-40ce-bd30-9e805737ef0f] info: GET - /api/employees
2023-08-07T05:46:43.084Z [a8f97193-8f88-40ce-bd30-9e805737ef0f] info: emily.williams@example.com Logged In
2023-08-07T05:49:15.339Z [11088e44-b5b9-465e-95c5-ed2e5e67df80] info: GET - /api/employees
2023-08-07T05:49:15.343Z [11088e44-b5b9-465e-95c5-ed2e5e67df80] info: emily.williams@example.com Logged In
2023-08-07T05:51:14.625Z [654f3e6e-18c6-48dd-a762-03eb507db897] info: GET - /api/employees
2023-08-07T05:51:14.629Z [654f3e6e-18c6-48dd-a762-03eb507db897] info: emily.williams@example.com Logged In
2023-08-07T05:51:26.864Z [033d24e5-cf6f-4c54-a2cd-446b58a7578f] info: GET - /api/employees?pageSize=2&page=1
2023-08-07T05:51:26.867Z [033d24e5-cf6f-4c54-a2cd-446b58a7578f] info: emily.williams@example.com Logged In
2023-08-07T05:51:35.700Z [16b61986-3bb1-4efa-beda-8422277e01f6] info: GET - /api/employees?pageSize=2&page=2
2023-08-07T05:51:35.703Z [16b61986-3bb1-4efa-beda-8422277e01f6] info: emily.williams@example.com Logged In
2023-08-07T05:53:34.878Z [297536f8-47e8-40dc-9686-c55af4293666] info: GET - /api/employees
2023-08-07T05:53:34.881Z [297536f8-47e8-40dc-9686-c55af4293666] info: emily.williams@example.com Logged In
2023-08-07T05:53:51.389Z [54e6d44b-0bf4-4e93-af48-212e6d3f512a] info: GET - /api/employees?pageSize=2&page=1
2023-08-07T05:53:51.391Z [54e6d44b-0bf4-4e93-af48-212e6d3f512a] info: emily.williams@example.com Logged In
2023-08-07T05:54:04.628Z [f1d2458f-2ee4-4efb-bc16-14bc41804f7a] info: GET - /api/employees?pageSize=2&page=1
2023-08-07T05:54:04.630Z [f1d2458f-2ee4-4efb-bc16-14bc41804f7a] info: emily.williams@example.com Logged In
2023-08-07T05:54:09.583Z [4dcd0d27-3a80-49d2-983a-bc050546d9de] info: GET - /api/employees?pageSize=2&page=2
2023-08-07T05:54:09.586Z [4dcd0d27-3a80-49d2-983a-bc050546d9de] info: emily.williams@example.com Logged In
2023-08-07T05:54:20.278Z [2407bd86-2f10-479a-9976-490fe63911b9] info: GET - /api/employees?pageSize=2&page=10
2023-08-07T05:54:20.280Z [2407bd86-2f10-479a-9976-490fe63911b9] info: emily.williams@example.com Logged In
2023-08-07T06:11:35.946Z [2a1d4eea-71bd-4255-8087-e84cf0d91b45] info: POST - /api/employees
2023-08-07T06:11:35.952Z [2a1d4eea-71bd-4255-8087-e84cf0d91b45] info: emily.williams@example.com Logged In
2023-08-07T06:12:31.733Z [8aae3712-e509-445a-b0a2-18f280c6f258] info: POST - /api/employees
2023-08-07T06:12:31.738Z [8aae3712-e509-445a-b0a2-18f280c6f258] info: emily.williams@example.com Logged In
2023-08-07T06:12:31.762Z [8aae3712-e509-445a-b0a2-18f280c6f258] info: Employee already exist
2023-08-07T06:13:54.940Z [ee631a68-e1a2-4158-9d46-996842add6e2] info: POST - /api/employees
2023-08-07T06:13:54.946Z [ee631a68-e1a2-4158-9d46-996842add6e2] info: emily.williams@example.com Logged In
